[2013-09-21 11:35:32] requirements_debian_update_system
requirements_debian_update_system () 
{ 
    __rvm_try_sudo apt-get --quiet --yes update || { 
        typeset __ret=$?;
        case ${__ret} in 
            100)
                rvm_error "There has been error while updating 'apt-get', please give it some time and try again later.
For 404 errors check your sources configured in:
    /etc/apt/sources.list
    /etc/apt/sources.list.d/*.list
"
            ;;
        esac;
        return ${__ret}
    }
}
current path: /home/zcotter/Portfolio
command(2): requirements_debian_update_system ruby-1.9.3-p448
Sorry, try again.
zcotter is not in the sudoers file.  This incident will be reported.
